2017-04-16 13:59:19 Yjc/Helper/Amap/gertRoadTraffic---{"name":"\u5317\u73af\u5927\u9053","adcode":"440300"}---Array---[]---0.1200 s---
2017-04-16 14:00:00 Yjc/Helper/Amap/gertRoadTraffic---{"name":"\u5317\u73af\u5927\u9053","adcode":"440300"}---Array---[]---0.1100 s---
2017-04-16 14:00:13 Yjc/Helper/Amap/gertRoadTraffic---{"name":"\u5317\u73af\u5927\u9053","adcode":"440300"}---Array---[]---0.1080 s---
2017-04-16 14:00:29 Yjc/Helper/Amap/gertRoadTraffic---{"name":"\u5317\u73af\u5927\u9053","adcode":"440300"}---Array---[]---0.1250 s---
2017-04-16 14:01:41 Yjc/Helper/Amap/gertRoadTraffic---{"name":"\u5317\u73af\u5927\u9053","adcode":"440300"}---{}---[]---0.0710 s---
2017-04-16 14:02:05 Yjc/Helper/Amap/gertRoadTraffic---{"name":"\u5317\u73af\u5927\u9053","adcode":"440300"}---{}---0.1090 s---
2017-04-16 14:02:15 Yjc/Helper/Amap/gertRoadTraffic---{"name":"\u5317\u73af\u5927\u9053","adcode":"440300"}---{}---0.1400 s---
2017-04-16 14:02:16 Yjc/Helper/Amap/gertRoadTraffic---{"name":"\u5317\u73af\u5927\u9053","adcode":"440300"}---{}---0.0900 s---
2017-04-16 14:02:16 Yjc/Helper/Amap/gertRoadTraffic---{"name":"\u5317\u73af\u5927\u9053","adcode":"440300"}---{}---0.0740 s---
2017-04-16 14:02:17 Yjc/Helper/Amap/gertRoadTraffic---{"name":"\u5317\u73af\u5927\u9053","adcode":"440300"}---{}---0.1010 s---
2017-04-16 14:02:17 Yjc/Helper/Amap/gertRoadTraffic---{"name":"\u5317\u73af\u5927\u9053","adcode":"440300"}---{}---0.0910 s---
2017-04-16 14:02:17 Yjc/Helper/Amap/gertRoadTraffic---{"name":"\u5317\u73af\u5927\u9053","adcode":"440300"}---{}---0.0950 s---
2017-04-16 14:02:17 Yjc/Helper/Amap/gertRoadTraffic---{"name":"\u5317\u73af\u5927\u9053","adcode":"440300"}---{}---0.1170 s---
2017-04-16 14:02:17 Yjc/Helper/Amap/gertRoadTraffic---{"name":"\u5317\u73af\u5927\u9053","adcode":"440300"}---{}---0.0640 s---
2017-04-16 14:02:22 Yjc/Helper/Amap/gertRoadTraffic---{"name":"\u5317\u73af\u5927\u9053","adcode":"440300"}---{}---0.0580 s---
2017-04-16 14:02:24 Yjc/Helper/Amap/gertRoadTraffic---{"name":"\u5317\u73af\u5927\u9053","adcode":"440300"}---{}---0.1060 s---
2017-04-16 14:02:24 Yjc/Helper/Amap/gertRoadTraffic---{"name":"\u5317\u73af\u5927\u9053","adcode":"440300"}---{}---0.0980 s---
2017-04-16 14:02:24 Yjc/Helper/Amap/gertRoadTraffic---{"name":"\u5317\u73af\u5927\u9053","adcode":"440300"}---{}---0.0670 s---
2017-04-16 14:02:25 Yjc/Helper/Amap/gertRoadTraffic---{"name":"\u5317\u73af\u5927\u9053","adcode":"440300"}---{}---0.0780 s---
2017-04-16 14:02:25 Yjc/Helper/Amap/gertRoadTraffic---{"name":"\u5317\u73af\u5927\u9053","adcode":"440300"}---{}---0.0650 s---
2017-04-16 14:02:25 Yjc/Helper/Amap/gertRoadTraffic---{"name":"\u5317\u73af\u5927\u9053","adcode":"440300"}---{}---0.0680 s---
2017-04-16 14:02:25 Yjc/Helper/Amap/gertRoadTraffic---{"name":"\u5317\u73af\u5927\u9053","adcode":"440300"}---{}---0.0730 s---
2017-04-16 14:02:25 Yjc/Helper/Amap/gertRoadTraffic---{"name":"\u5317\u73af\u5927\u9053","adcode":"440300"}---{}---0.0950 s---
2017-04-16 14:02:26 Yjc/Helper/Amap/gertRoadTraffic---{"name":"\u5317\u73af\u5927\u9053","adcode":"440300"}---{}---0.0620 s---
2017-04-16 14:03:03 Yjc/Helper/Amap/gertRoadTraffic---{"name":"\u5317\u73af\u5927\u9053","adcode":"440300"}---{}---0.0890 s---
2017-04-16 14:03:28 Yjc/Helper/Amap/gertRoadTraffic---{"name":"\u5317\u73af\u5927\u9053","adcode":"440300"}---{}---0.0860 s---
2017-04-16 14:03:29 Yjc/Helper/Amap/gertRoadTraffic---{"name":"\u5317\u73af\u5927\u9053","adcode":"440300"}---{}---0.0970 s---
2017-04-16 14:03:33 Yjc/Helper/Amap/gertRoadTraffic---{"name":"\u5317\u73af\u5927\u9053","adcode":"440300"}---{}---0.0660 s---
2017-04-16 14:03:34 Yjc/Helper/Amap/gertRoadTraffic---{"name":"\u5317\u73af\u5927\u9053","adcode":"440300"}---{}---0.0800 s---
2017-04-16 14:03:34 Yjc/Helper/Amap/gertRoadTraffic---{"name":"\u5317\u73af\u5927\u9053","adcode":"440300"}---{}---0.0690 s---
2017-04-16 14:03:34 Yjc/Helper/Amap/gertRoadTraffic---{"name":"\u5317\u73af\u5927\u9053","adcode":"440300"}---{}---0.0580 s---
2017-04-16 14:03:35 Yjc/Helper/Amap/gertRoadTraffic---{"name":"\u5317\u73af\u5927\u9053","adcode":"440300"}---{}---0.0530 s---
2017-04-16 14:03:35 Yjc/Helper/Amap/gertRoadTraffic---{"name":"\u5317\u73af\u5927\u9053","adcode":"440300"}---{}---0.0970 s---
2017-04-16 14:03:35 Yjc/Helper/Amap/gertRoadTraffic---{"name":"\u5317\u73af\u5927\u9053","adcode":"440300"}---{}---0.0650 s---
2017-04-16 14:03:35 Yjc/Helper/Amap/gertRoadTraffic---{"name":"\u5317\u73af\u5927\u9053","adcode":"440300"}---{}---0.0610 s---
2017-04-16 14:03:36 Yjc/Helper/Amap/gertRoadTraffic---{"name":"\u5317\u73af\u5927\u9053","adcode":"440300"}---{}---0.1160 s---
2017-04-16 14:03:36 Yjc/Helper/Amap/gertRoadTraffic---{"name":"\u5317\u73af\u5927\u9053","adcode":"440300"}---{}---0.0990 s---
2017-04-16 14:03:36 Yjc/Helper/Amap/gertRoadTraffic---{"name":"\u5317\u73af\u5927\u9053","adcode":"440300"}---{}---0.0660 s---
2017-04-16 14:03:36 Yjc/Helper/Amap/gertRoadTraffic---{"name":"\u5317\u73af\u5927\u9053","adcode":"440300"}---{}---0.1040 s---
2017-04-16 14:03:37 Yjc/Helper/Amap/gertRoadTraffic---{"name":"\u5317\u73af\u5927\u9053","adcode":"440300"}---{}---0.0730 s---
2017-04-16 14:03:37 Yjc/Helper/Amap/gertRoadTraffic---{"name":"\u5317\u73af\u5927\u9053","adcode":"440300"}---{}---0.0750 s---
2017-04-16 14:03:37 Yjc/Helper/Amap/gertRoadTraffic---{"name":"\u5317\u73af\u5927\u9053","adcode":"440300"}---{}---0.0710 s---
2017-04-16 14:03:38 Yjc/Helper/Amap/gertRoadTraffic---{"name":"\u5317\u73af\u5927\u9053","adcode":"440300"}---{}---0.0660 s---
2017-04-16 14:03:41 Yjc/Helper/Amap/gertRoadTraffic---{"name":"\u5317\u73af\u5927\u9053","adcode":"440300"}---{}---0.1110 s---
2017-04-16 14:03:46 Yjc/Helper/Amap/gertRoadTraffic---{"name":"\u5317\u73af\u5927\u9053","adcode":"440300"}---{}---0.0900 s---
2017-04-16 14:03:47 Yjc/Helper/Amap/gertRoadTraffic---{"name":"\u5317\u73af\u5927\u9053","adcode":"440300"}---{}---0.0620 s---
2017-04-16 14:03:49 Yjc/Helper/Amap/gertRoadTraffic---{"name":"\u5317\u73af\u5927\u9053","adcode":"440300"}---{}---0.0570 s---
2017-04-16 14:03:51 Yjc/Helper/Amap/gertRoadTraffic---{"name":"\u5317\u73af\u5927\u9053","adcode":"440300"}------0.0930 s---
2017-04-16 14:03:51 Yjc/Helper/Amap/gertRoadTraffic---{"name":"\u5317\u73af\u5927\u9053","adcode":"440300"}------0.0930 s---
2017-04-16 14:08:30 Yjc/Helper/Amap/gertRoadTraffic---{"name":"\u5317\u73af\u5927\u9053","adcode":"440300"}---Array---0.1100 s---
2017-04-16 14:08:30 Yjc/Helper/Amap/gertRoadTraffic---{"name":"\u5317\u73af\u5927\u9053","adcode":"440300"}---Array---0.1060 s---
2017-04-16 14:08:30 Yjc/Helper/Amap/gertRoadTraffic---{"name":"\u5317\u73af\u5927\u9053","adcode":"440300"}---Array---0.0960 s---
2017-04-16 14:08:49 Yjc/Helper/Amap/gertRoadTraffic---{"name":"\u5317\u73af\u5927\u9053","adcode":"440300"}---Array---0.0650 s---
2017-04-16 14:08:49 Yjc/Helper/Amap/gertRoadTraffic---{"name":"\u5317\u73af\u5927\u9053","adcode":"440300"}---Array---0.0500 s---
2017-04-16 14:08:50 Yjc/Helper/Amap/gertRoadTraffic---{"name":"\u5317\u73af\u5927\u9053","adcode":"440300"}---Array---0.0710 s---
2017-04-16 14:19:52 Yjc/Helper/Amap/gertRoadTraffic---{"name":"\u5317\u73af\u5927\u9053","adcode":"440300"}---{"status":"0","info":"INVALID_USER_KEY","infocode":"10001"}---0.0840 s---
2017-04-16 14:19:53 Yjc/Helper/Amap/gertRoadTraffic---{"name":"\u5317\u73af\u5927\u9053","adcode":"440300"}---{"status":"0","info":"INVALID_USER_KEY","infocode":"10001"}---0.0800 s---
2017-04-16 14:19:53 Yjc/Helper/Amap/gertRoadTraffic---{"name":"\u5317\u73af\u5927\u9053","adcode":"440300"}---{"status":"0","info":"INVALID_USER_KEY","infocode":"10001"}---0.0780 s---
2017-04-16 14:19:54 Yjc/Helper/Amap/gertRoadTraffic---{"name":"\u5317\u73af\u5927\u9053","adcode":"440300"}---{"status":"0","info":"INVALID_USER_KEY","infocode":"10001"}---0.0880 s---
2017-04-16 14:19:54 Yjc/Helper/Amap/gertRoadTraffic---{"name":"\u5317\u73af\u5927\u9053","adcode":"440300"}---{"status":"0","info":"INVALID_USER_KEY","infocode":"10001"}---0.0600 s---
2017-04-16 14:19:59 Yjc/Helper/Amap/gertRoadTraffic---{"name":"\u5317\u73af\u5927\u9053","adcode":"440300"}---{"status":"0","info":"INVALID_USER_KEY","infocode":"10001"}---0.0570 s---
2017-04-16 14:20:00 Yjc/Helper/Amap/gertRoadTraffic---{"name":"\u5317\u73af\u5927\u9053","adcode":"440300"}---{"status":"0","info":"INVALID_USER_KEY","infocode":"10001"}---0.0970 s---
2017-04-16 14:20:01 Yjc/Helper/Amap/gertRoadTraffic---{"name":"\u5317\u73af\u5927\u9053","adcode":"440300"}---{"status":"0","info":"INVALID_USER_KEY","infocode":"10001"}---0.0490 s---
2017-04-16 14:20:01 Yjc/Helper/Amap/gertRoadTraffic---{"name":"\u5317\u73af\u5927\u9053","adcode":"440300"}---{"status":"0","info":"INVALID_USER_KEY","infocode":"10001"}---0.0880 s---
2017-04-16 14:20:01 Yjc/Helper/Amap/gertRoadTraffic---{"name":"\u5317\u73af\u5927\u9053","adcode":"440300"}---{"status":"0","info":"INVALID_USER_KEY","infocode":"10001"}---0.0320 s---
2017-04-16 14:20:01 Yjc/Helper/Amap/gertRoadTraffic---{"name":"\u5317\u73af\u5927\u9053","adcode":"440300"}---{"status":"0","info":"INVALID_USER_KEY","infocode":"10001"}---0.0370 s---
2017-04-16 14:20:02 Yjc/Helper/Amap/gertRoadTraffic---{"name":"\u5317\u73af\u5927\u9053","adcode":"440300"}---{"status":"0","info":"INVALID_USER_KEY","infocode":"10001"}---0.1000 s---
2017-04-16 14:20:02 Yjc/Helper/Amap/gertRoadTraffic---{"name":"\u5317\u73af\u5927\u9053","adcode":"440300"}---{"status":"0","info":"INVALID_USER_KEY","infocode":"10001"}---0.0580 s---
2017-04-16 14:20:02 Yjc/Helper/Amap/gertRoadTraffic---{"name":"\u5317\u73af\u5927\u9053","adcode":"440300"}---{"status":"0","info":"INVALID_USER_KEY","infocode":"10001"}---0.0740 s---
2017-04-16 14:20:02 Yjc/Helper/Amap/gertRoadTraffic---{"name":"\u5317\u73af\u5927\u9053","adcode":"440300"}---{"status":"0","info":"INVALID_USER_KEY","infocode":"10001"}---0.0380 s---
2017-04-16 14:20:02 Yjc/Helper/Amap/gertRoadTraffic---{"name":"\u5317\u73af\u5927\u9053","adcode":"440300"}---{"status":"0","info":"INVALID_USER_KEY","infocode":"10001"}---0.0700 s---
2017-04-16 14:20:02 Yjc/Helper/Amap/gertRoadTraffic---{"name":"\u5317\u73af\u5927\u9053","adcode":"440300"}---{"status":"0","info":"INVALID_USER_KEY","infocode":"10001"}---0.0400 s---
2017-04-16 14:20:03 Yjc/Helper/Amap/gertRoadTraffic---{"name":"\u5317\u73af\u5927\u9053","adcode":"440300"}---{"status":"0","info":"INVALID_USER_KEY","infocode":"10001"}---0.0410 s---
2017-04-16 14:20:03 Yjc/Helper/Amap/gertRoadTraffic---{"name":"\u5317\u73af\u5927\u9053","adcode":"440300"}---{"status":"0","info":"INVALID_USER_KEY","infocode":"10001"}---0.0810 s---
2017-04-16 14:20:03 Yjc/Helper/Amap/gertRoadTraffic---{"name":"\u5317\u73af\u5927\u9053","adcode":"440300"}---{"status":"0","info":"INVALID_USER_KEY","infocode":"10001"}---0.0360 s---
2017-04-16 14:20:03 Yjc/Helper/Amap/gertRoadTraffic---{"name":"\u5317\u73af\u5927\u9053","adcode":"440300"}---{"status":"0","info":"INVALID_USER_KEY","infocode":"10001"}---0.0590 s---
2017-04-16 14:20:03 Yjc/Helper/Amap/gertRoadTraffic---{"name":"\u5317\u73af\u5927\u9053","adcode":"440300"}---{"status":"0","info":"INVALID_USER_KEY","infocode":"10001"}---0.0800 s---
2017-04-16 14:20:04 Yjc/Helper/Amap/gertRoadTraffic---{"name":"\u5317\u73af\u5927\u9053","adcode":"440300"}---{"status":"0","info":"INVALID_USER_KEY","infocode":"10001"}---0.0460 s---
2017-04-16 14:20:05 Yjc/Helper/Amap/gertRoadTraffic---{"name":"\u5317\u73af\u5927\u9053","adcode":"440300"}---{"status":"0","info":"INVALID_USER_KEY","infocode":"10001"}---0.0910 s---
2017-04-16 14:20:05 Yjc/Helper/Amap/gertRoadTraffic---{"name":"\u5317\u73af\u5927\u9053","adcode":"440300"}---{"status":"0","info":"INVALID_USER_KEY","infocode":"10001"}---0.0380 s---
2017-04-16 14:20:05 Yjc/Helper/Amap/gertRoadTraffic---{"name":"\u5317\u73af\u5927\u9053","adcode":"440300"}---{"status":"0","info":"INVALID_USER_KEY","infocode":"10001"}---0.0770 s---
2017-04-16 14:20:07 Yjc/Helper/Amap/gertRoadTraffic---{"name":"\u5317\u73af\u5927\u9053","adcode":"440300"}---{"status":"0","info":"INVALID_USER_KEY","infocode":"10001"}---0.0430 s---
2017-04-16 14:20:07 Yjc/Helper/Amap/gertRoadTraffic---{"name":"\u5317\u73af\u5927\u9053","adcode":"440300"}---{"status":"0","info":"INVALID_USER_KEY","infocode":"10001"}---0.0590 s---
2017-04-16 14:20:07 Yjc/Helper/Amap/gertRoadTraffic---{"name":"\u5317\u73af\u5927\u9053","adcode":"440300"}---{"status":"0","info":"INVALID_USER_KEY","infocode":"10001"}---0.0380 s---
2017-04-16 14:20:08 Yjc/Helper/Amap/gertRoadTraffic---{"name":"\u5317\u73af\u5927\u9053","adcode":"440300"}---{"status":"0","info":"INVALID_USER_KEY","infocode":"10001"}---0.0490 s---
2017-04-16 14:20:08 Yjc/Helper/Amap/gertRoadTraffic---{"name":"\u5317\u73af\u5927\u9053","adcode":"440300"}---{"status":"0","info":"INVALID_USER_KEY","infocode":"10001"}---0.0500 s---
2017-04-16 14:20:08 Yjc/Helper/Amap/gertRoadTraffic---{"name":"\u5317\u73af\u5927\u9053","adcode":"440300"}---{"status":"0","info":"INVALID_USER_KEY","infocode":"10001"}---0.0500 s---
2017-04-16 14:20:37 Yjc/Helper/Amap/gertRoadTraffic---{"name":"\u5317\u73af\u5927\u9053","adcode":"440300"}---{"status":"0","info":"INVALID_USER_KEY","infocode":"10001"}---0.0560 s---
